<?xml version="1.0" encoding="UTF-8"?>
<!-- Generated by org.testng.reporters.JUnitXMLReporter -->
<testsuite ignored="0" hostname="DESKTOP-1GR1VUP" failures="0" tests="3" name="Default test" time="78.039" errors="0" timestamp="11 Nov 2024 10:04:44 GMT">
  <testcase classname="sivathoconjwaacademy.tests.SubmitOrderTest" name="submitOrder" time="19.158"/>
  <testcase classname="sivathoconjwaacademy.tests.SubmitOrderTest" name="submitOrder" time="19.463"/>
  <testcase classname="sivathoconjwaacademy.tests.SubmitOrderTest" name="OrderHostoryTest" time="5.002"/>
</testsuite> <!-- Default test -->
