<?xml version="1.0" encoding="UTF-8"?>
<!-- Generated by org.testng.reporters.JUnitXMLReporter -->
<testsuite ignored="0" hostname="DESKTOP-1GR1VUP" failures="0" tests="2" name="Error Validations" time="30.61" errors="0" timestamp="01 Nov 2024 08:49:06 GMT">
  <testcase classname="sivathoconjwaacademy.tests.ErrorValidations" name="LoginErrorValidation" time="0.965"/>
  <testcase classname="sivathoconjwaacademy.tests.ErrorValidations" name="ProductErrorValidations" time="15.27"/>
</testsuite> <!-- Error Validations -->
