<?xml version="1.0" encoding="UTF-8"?>
<!-- Generated by org.testng.reporters.JUnitXMLReporter -->
<testsuite ignored="0" hostname="DESKTOP-1GR1VUP" failures="0" tests="2" name="Error Validations Test" time="42.936" errors="0" timestamp="06 Nov 2024 20:11:52 GMT">
  <testcase classname="sivathoconjwaacademy.tests.ErrorValidations" name="LoginErrorValidation" time="3.453"/>
  <testcase classname="sivathoconjwaacademy.tests.ErrorValidations" name="ProductErrorValidations" time="17.307"/>
</testsuite> <!-- Error Validations Test -->
