<?xml version="1.0" encoding="UTF-8"?>
<!-- Generated by org.testng.reporters.JUnitXMLReporter -->
<testsuite ignored="0" hostname="DESKTOP-1GR1VUP" failures="0" tests="2" name="Error Validations Test" time="31.185" errors="0" timestamp="2024-11-11T13:24:56 SAST">
  <testcase classname="sivathoconjwaacademy.tests.ErrorValidations" name="LoginErrorValidation" time="0.959"/>
  <testcase classname="sivathoconjwaacademy.tests.ErrorValidations" name="ProductErrorValidations" time="13.516"/>
</testsuite> <!-- Error Validations Test -->
