<?xml version="1.0" encoding="UTF-8"?>
<!-- Generated by org.testng.reporters.JUnitXMLReporter -->
<testsuite ignored="0" hostname="DESKTOP-1GR1VUP" failures="0" tests="3" name="Submit Order Test" time="65.001" errors="0" timestamp="2024-11-11T13:25:30 SAST">
  <testcase classname="sivathoconjwaacademy.tests.SubmitOrderTest" name="submitOrder" time="18.098"/>
  <testcase classname="sivathoconjwaacademy.tests.SubmitOrderTest" name="submitOrder" time="15.982"/>
  <testcase classname="sivathoconjwaacademy.tests.SubmitOrderTest" name="OrderHostoryTest" time="1.151"/>
</testsuite> <!-- Submit Order Test -->
