<?xml version="1.0" encoding="UTF-8"?>
<testng-results ignored="0" total="3" passed="3" failed="0" skipped="0">
  <reporter-output>
  </reporter-output>
  <suite started-at="2024-11-11T10:03:26Z" name="Default suite" finished-at="2024-11-11T10:04:44Z" duration-ms="78039">
    <groups>
      <group name="Purchase">
        <method signature="SubmitOrderTest.submitOrder(java.util.HashMap)[pri:0, instance:sivathoconjwaacademy.tests.SubmitOrderTest@eadd4fb]" name="submitOrder" class="sivathoconjwaacademy.tests.SubmitOrderTest"/>
      </group> <!-- Purchase -->
    </groups>
    <test started-at="2024-11-11T10:03:26Z" name="Default test" finished-at="2024-11-11T10:04:44Z" duration-ms="78039">
      <class name="sivathoconjwaacademy.tests.SubmitOrderTest">
        <test-method is-config="true" signature="launchApplication()[pri:0, instance:sivathoconjwaacademy.tests.SubmitOrderTest@eadd4fb]" started-at="2024-11-11T12:03:27Z" name="launchApplication" finished-at="2024-11-11T12:03:41Z" duration-ms="13973" status="PASS">
          <reporter-output>
          </reporter-output>
        </test-method> <!-- launchApplication -->
        <test-method signature="submitOrder(java.util.HashMap)[pri:0, instance:sivathoconjwaacademy.tests.SubmitOrderTest@eadd4fb]" started-at="2024-11-11T12:03:41Z" name="submitOrder" data-provider="getData" finished-at="2024-11-11T12:04:00Z" duration-ms="19158" status="PASS">
          <params>
            <param index="0">
              <value>
                <![CDATA[{userPassword=Password1234$, userEmail=sivathoc@gmail.com, productName=ZARA COAT 3}]]>
              </value>
            </param>
          </params>
          <reporter-output>
          </reporter-output>
        </test-method> <!-- submitOrder -->
        <test-method is-config="true" signature="tearDown()[pri:0, instance:sivathoconjwaacademy.tests.SubmitOrderTest@eadd4fb]" started-at="2024-11-11T12:04:00Z" name="tearDown" finished-at="2024-11-11T12:04:01Z" duration-ms="1063" status="PASS">
          <reporter-output>
          </reporter-output>
        </test-method> <!-- tearDown -->
        <test-method is-config="true" signature="launchApplication()[pri:0, instance:sivathoconjwaacademy.tests.SubmitOrderTest@eadd4fb]" started-at="2024-11-11T12:04:01Z" name="launchApplication" finished-at="2024-11-11T12:04:10Z" duration-ms="9401" status="PASS">
          <reporter-output>
          </reporter-output>
        </test-method> <!-- launchApplication -->
        <test-method signature="submitOrder(java.util.HashMap)[pri:0, instance:sivathoconjwaacademy.tests.SubmitOrderTest@eadd4fb]" started-at="2024-11-11T12:04:10Z" name="submitOrder" data-provider="getData" finished-at="2024-11-11T12:04:30Z" duration-ms="19463" status="PASS">
          <params>
            <param index="0">
              <value>
                <![CDATA[{userPassword=Password1234$, userEmail=zintlec@gmail.com, productName=IPHONE 13 PRO}]]>
              </value>
            </param>
          </params>
          <reporter-output>
          </reporter-output>
        </test-method> <!-- submitOrder -->
        <test-method is-config="true" signature="tearDown()[pri:0, instance:sivathoconjwaacademy.tests.SubmitOrderTest@eadd4fb]" started-at="2024-11-11T12:04:30Z" name="tearDown" finished-at="2024-11-11T12:04:30Z" duration-ms="565" status="PASS">
          <reporter-output>
          </reporter-output>
        </test-method> <!-- tearDown -->
        <test-method is-config="true" signature="launchApplication()[pri:0, instance:sivathoconjwaacademy.tests.SubmitOrderTest@eadd4fb]" started-at="2024-11-11T12:04:30Z" name="launchApplication" finished-at="2024-11-11T12:04:39Z" duration-ms="8239" status="PASS">
          <reporter-output>
          </reporter-output>
        </test-method> <!-- launchApplication -->
        <test-method signature="OrderHostoryTest()[pri:0, instance:sivathoconjwaacademy.tests.SubmitOrderTest@eadd4fb]" started-at="2024-11-11T12:04:39Z" name="OrderHostoryTest" finished-at="2024-11-11T12:04:44Z" depends-on-methods="sivathoconjwaacademy.tests.SubmitOrderTest.submitOrder" duration-ms="5002" status="PASS">
          <reporter-output>
          </reporter-output>
        </test-method> <!-- OrderHostoryTest -->
        <test-method is-config="true" signature="tearDown()[pri:0, instance:sivathoconjwaacademy.tests.SubmitOrderTest@eadd4fb]" started-at="2024-11-11T12:04:44Z" name="tearDown" finished-at="2024-11-11T12:04:44Z" duration-ms="498" status="PASS">
          <reporter-output>
          </reporter-output>
        </test-method> <!-- tearDown -->
      </class> <!-- sivathoconjwaacademy.tests.SubmitOrderTest -->
    </test> <!-- Default test -->
  </suite> <!-- Default suite -->
</testng-results>
